INFO: latexindent version 3.7.1, 2019-09-07, a script to indent .tex files
      latexindent lives here: /usr/share/texlive/texmf-dist/scripts/latexindent/
      Thu Sep 16 15:25:31 2021
      Filename: /media/d/git/Resume/proj_records/__latexindent_temp.tex
INFO: Processing switches:
      -y|--yaml: YAML settings specified via command line
      -c|--cruft: cruft directory
INFO: Directory for backup files and /media/d/git/Resume/resume/indent.log: /media/d/git/Resume/resume/
INFO: YAML settings read: defaultSettings.yaml
      Reading defaultSettings.yaml from /usr/share/texlive/texmf-dist/scripts/latexindent/defaultSettings.yaml
INFO: YAML settings read: indentconfig.yaml or .indentconfig.yaml
      Home directory is /home/scc (didn't find either indentconfig.yaml or .indentconfig.yaml)
      To specify user settings you would put indentconfig.yaml here: /home/scc/indentconfig.yaml
      Alternatively, you can use the hidden file .indentconfig.yaml as: /home/scc/.indentconfig.yaml
INFO: YAML settings read: -y switch
      Updating masterSettings with defaultIndent:     
INFO: Phase 1: searching for objects
INFO: Phase 2: finding surrounding indentation
INFO: Phase 3: indenting objects
INFO: Phase 4: final indentation check
INFO: Output routine:
      Not outputting to file; see -w and -o switches for more options.
      --------------
INFO: Please direct all communication/issues to:
      https://github.com/cmhughes/latexindent.pl
